12, instanceId=624704, proposal=77403, value=BallotValue{3000c000964dc, NOTHING, b[0]}}}
2019-12-17 12:26:24.592 [scheduledTaskThread] INFO  org.axesoft.jaxos.logger.LevelDbAcceptorLogger - S 13 delete instances from 15330 to 15329, elapsed 72.915633 ms
2019-12-17 12:26:24.592 [scheduledTaskThread] INFO  org.axesoft.jaxos.algo.Squad - Saved CheckPoint{squadId=13, version=17329, timestamp=Tue Dec 17 12:26:24 CST 2019, content=BX[10435], lastInstance=Instance{squadId=1
3, instanceId=17329, proposal=501, value=BallotValue{1000d00003b64, NOTHING, b[0]}}}
2019-12-17 12:26:24.670 [scheduledTaskThread] INFO  org.axesoft.jaxos.logger.LevelDbAcceptorLogger - S 14 delete instances from 15279 to 15278, elapsed 77.59518 ms
2019-12-17 12:26:24.670 [scheduledTaskThread] INFO  org.axesoft.jaxos.algo.Squad - Saved CheckPoint{squadId=14, version=17278, timestamp=Tue Dec 17 12:26:24 CST 2019, content=BX[10593], lastInstance=Instance{squadId=1
4, instanceId=17278, proposal=302, value=BallotValue{2000e0000437d, NOTHING, b[0]}}}
2019-12-17 12:26:24.671 [API Service Thread-5] ERROR org.axesoft.tans.server.HttpApiService - Process
java.lang.IllegalArgumentException: java.util.ConcurrentModificationException: Previous propose not end
        at org.axesoft.tans.server.TansService.acquire(TansService.java:115)
        at org.axesoft.tans.server.HttpApiService$RequestQueue.process(HttpApiService.java:413)
        at org.axesoft.tans.server.HttpApiService$RequestQueue.lambda$processRequests$0(HttpApiService.java:396)
        at org.axesoft.tans.server.HttpApiService$PartedThreadPool.lambda$submit$0(HttpApiService.java:470)
        at com.google.common.util.concurrent.TrustedListenableFutureTask$TrustedFutureInterruptibleTask.runInterruptibly(TrustedListenableFutureTask.java:125)
        at com.google.common.util.concurrent.InterruptibleTask.run(InterruptibleTask.java:57)
        at com.google.common.util.concurrent.TrustedListenableFutureTask.run(TrustedListenableFutureTask.java:78)
        at java.base/java.util.concurrent.ThreadPoolExecutor.runWorker(ThreadPoolExecutor.java:1128)
        at java.base/java.util.concurrent.ThreadPoolExecutor$Worker.run(ThreadPoolExecutor.java:628)
        at java.base/java.lang.Thread.run(Thread.java:834)
Caused by: java.util.ConcurrentModificationException: Previous propose not end
        at org.axesoft.jaxos.algo.Proposer.propose(Proposer.java:76)
        at org.axesoft.jaxos.algo.Squad.propose(Squad.java:80)
        at org.axesoft.jaxos.JaxosService.lambda$propose$1(JaxosService.java:110)
        at org.axesoft.jaxos.algo.RunnableWithLog.run(RunnableWithLog.java:23)
        at java.base/java.util.concurrent.Executors$RunnableAdapter.call(Executors.java:515)
        at java.base/java.util.concurrent.FutureTask.run(FutureTask.java:264)
        ... 3 common frames omitted
2019-12-17 12:27:04.401 [scheduledTaskThread] INFO  org.axesoft.tans.server.HttpApiService - More 36036 req, run 4576 times, req max 6006/sec, avg 600.6/sec, proposal 76.3/sec, max waiting 1