 9219 2019-09-18 15:46:29.484 [nioEventLoopGroup-4-5] TRACE org.axesoft.jaxos.netty.NettyCommunicatorFactory - Broadcast {} PrepareRequest{senderId=1, squadId=1, instanceId=432, round=439, ballot=129, lastChosenBallot=129}
 9220 2019-09-18 15:46:29.484 [EventWorkerThread-1] TRACE org.axesoft.jaxos.algo.Acceptor - On prepare PrepareRequest{senderId=1, squadId=1, instanceId=432, round=439, ballot=129, lastChosenBallot=129}
 9221 2019-09-18 15:46:29.484 [EventWorkerThread-1] TRACE org.axesoft.jaxos.algo.Proposer - RECEIVED PrepareResponse{senderId=1, squadId=1, instanceId=432, round=439, result =1, maxBallot=0, acceptedBallot=0, acceptedValue=B[0], chosenIns      tanceId=431}
 9222 2019-09-18 15:46:29.484 [EventWorkerThread-1] TRACE org.axesoft.jaxos.algo.Proposer - On PREPARE reply PrepareResponse{senderId=1, squadId=1, instanceId=432, round=439, result =1, maxBallot=0, acceptedBallot=0, acceptedValue=B[0], c      hosenInstanceId=431}
 9223 2019-09-18 15:46:29.484 [EventWorkerThread-1] TRACE org.axesoft.jaxos.algo.Proposer - RECEIVED PrepareResponse{senderId=2, squadId=1, instanceId=432, round=439, result =1, maxBallot=0, acceptedBallot=0, acceptedValue=B[0], chosenIns      tanceId=431}
 9224 2019-09-18 15:46:29.484 [EventWorkerThread-1] TRACE org.axesoft.jaxos.algo.Proposer - On PREPARE reply PrepareResponse{senderId=2, squadId=1, instanceId=432, round=439, result =1, maxBallot=0, acceptedBallot=0, acceptedValue=B[0], c      hosenInstanceId=431}
 9225 2019-09-18 15:46:29.484 [EventWorkerThread-1] TRACE org.axesoft.jaxos.algo.Proposer - RECEIVED PrepareResponse{senderId=3, squadId=1, instanceId=432, round=439, result =1, maxBallot=0, acceptedBallot=0, acceptedValue=B[0], chosenIns      tanceId=431}
 9226 2019-09-18 15:46:38.367 [EventWorkerThread-1] TRACE org.axesoft.jaxos.algo.Proposer - On PREPARE reply PrepareResponse{senderId=3, squadId=1, instanceId=432, round=439, result =1, maxBallot=0, acceptedBallot=0, acceptedValue=B[0], c      hosenInstanceId=431}
 9227 2019-09-18 15:46:38.367 [EventWorkerThread-1] TRACE org.axesoft.jaxos.algo.Proposer - on all prepared max accepted ballot = 0, total max ballot =0, my ballot = 129
 9228 2019-09-18 15:46:38.367 [EventWorkerThread-1] TRACE org.axesoft.jaxos.algo.Proposer - Result of prepare(432) No other chose value, total max ballot is 0, use my value
 9229 2019-09-18 15:46:30.989 [nioEventLoopGroup-4-5] DEBUG org.axesoft.jaxos.algo.Proposer - Whole Propose timeout
 9230 2019-09-18 15:46:38.367 [EventWorkerThread-1] DEBUG org.axesoft.jaxos.algo.Proposer - Start accept instance 432 with proposal  129
 9231 2019-09-18 15:46:38.367 [EventWorkerThread-1] TRACE org.axesoft.jaxos.netty.NettyCommunicatorFactory - Broadcast {} AcceptRequest{senderId=1, squadId=1, instanceId=432, round=439, ballot=129, value=B[31]}
 9232 2019-09-18 15:46:38.367 [nioEventLoopGroup-4-5] TRACE org.axesoft.jaxos.netty.NettyCommunicatorFactory - Broadcast {} PrepareRequest{senderId=1, squadId=1, instanceId=432, round=440, ballot=129, lastChosenBallot=129}
 9233 2019-09-18 15:46:38.367 [EventWorkerThread-1] TRACE org.axesoft.jaxos.algo.Proposer - PrepareTimeout{senderId=1, squadId=1, instanceId=432, round=439}
 9234 2019-09-18 15:46:38.371 [EventWorkerThread-1] DEBUG org.axesoft.jaxos.algo.Proposer - Round of {] not equal to mine PrepareTimeout{senderId=1, squadId=1, instanceId=432, round=439}
 9235 2019-09-18 15:46:38.371 [EventWorkerThread-1] TRACE org.axesoft.jaxos.algo.Acceptor - On Accept AcceptRequest{senderId=1, squadId=1, instanceId=432, round=439, ballot=129, value=B[31]}
 9236 2019-09-18 15:46:38.371 [EventWorkerThread-1] TRACE org.axesoft.jaxos.algo.Acceptor - Accept new value sender = 1, instance = 432, ballot = 129, value = BX[31]
 9237 2019-09-18 15:46:38.371 [EventWorkerThread-1] TRACE org.axesoft.jaxos.algo.Acceptor - On prepare PrepareRequest{senderId=1, squadId=1, instanceId=432, round=440, ballot=129, lastChosenBallot=129}
 9238 2019-09-18 15:46:38.371 [EventWorkerThread-1] TRACE org.axesoft.jaxos.algo.Proposer - RECEIVED AcceptResponse{senderId=3, squadId=1, instanceId=432, round=439, maxBallot=129, result=1, chosenInstanceId=431}
 9239 2019-09-18 15:46:38.371 [EventWorkerThread-1] DEBUG org.axesoft.jaxos.algo.Proposer - Not at stage of PREPARING on
 9240 2019-09-18 15:46:38.371 [EventWorkerThread-1] TRACE org.axesoft.jaxos.algo.Proposer - RECEIVED AcceptResponse{senderId=2, squadId=1, instanceId=432, round=439, maxBallot=129, result=1, chosenInstanceId=431}
 9241 2019-09-18 15:46:38.371 [EventWorkerThread-1] DEBUG org.axesoft.jaxos.algo.Proposer - Not at stage of PREPARING on
 9242 2019-09-18 15:46:38.371 [EventWorkerThread-1] TRACE org.axesoft.jaxos.algo.Proposer - RECEIVED PrepareResponse{senderId=2, squadId=1, instanceId=432, round=440, result =0, maxBallot=129, acceptedBallot=129, acceptedValue=B[31], chos      enInstanceId=431}
 9243 2019-09-18 15:46:38.371 [EventWorkerThread-1] TRACE org.axesoft.jaxos.algo.Proposer - On PREPARE reply PrepareResponse{senderId=2, squadId=1, instanceId=432, round=440, result =0, maxBallot=129, acceptedBallot=129, acceptedValue=B[3      1], chosenInstanceId=431}
 9244 2019-09-18 15:46:38.371 [EventWorkerThread-1] TRACE org.axesoft.jaxos.algo.Proposer - RECEIVED PrepareResponse{senderId=3, squadId=1, instanceId=432, round=440, result =0, maxBallot=129, acceptedBallot=129, acceptedValue=B[31], chos      enInstanceId=431}
 9245 2019-09-18 15:46:38.372 [EventWorkerThread-1] TRACE org.axesoft.jaxos.algo.Proposer - On PREPARE reply PrepareResponse{senderId=3, squadId=1, instanceId=432, round=440, result =0, maxBallot=129, acceptedBallot=129, acceptedValue=B[3      1], chosenInstanceId=431}
 9246 2019-09-18 15:46:38.372 [EventWorkerThread-1] TRACE org.axesoft.jaxos.algo.Proposer - RECEIVED AcceptResponse{senderId=1, squadId=1, instanceId=432, round=439, maxBallot=129, result=1, chosenInstanceId=431}
 9247 2019-09-18 15:46:38.372 [EventWorkerThread-1] DEBUG org.axesoft.jaxos.algo.Proposer - Not at stage of PREPARING on
 9248 2019-09-18 15:46:38.372 [EventWorkerThread-1] TRACE org.axesoft.jaxos.algo.Proposer - RECEIVED PrepareResponse{senderId=1, squadId=1, instanceId=432, round=440, result =0, maxBallot=129, acceptedBallot=129, acceptedValue=B[31], chos      enInstanceId=431}
 9249 2019-09-18 15:46:38.372 [EventWorkerThread-1] TRACE org.axesoft.jaxos.algo.Proposer - On PREPARE reply PrepareResponse{senderId=1, squadId=1, instanceId=432, round=440, result =0, maxBallot=129, acceptedBallot=129, acceptedValue=B[3      1], chosenInstanceId=431}
 9250 2019-09-18 15:46:38.372 [EventWorkerThread-1] TRACE org.axesoft.jaxos.algo.Proposer - on all prepared max accepted ballot = 129, total max ballot =129, my ballot = 129
 9251 2019-09-18 15:46:38.372 [EventWorkerThread-1] TRACE org.axesoft.jaxos.algo.Proposer - Result of prepare(432), other accepted value with proposal 129
 9252 2019-09-18 15:46:38.372 [EventWorkerThread-1] TRACE org.axesoft.jaxos.algo.Proposer - Prepare(432) got another accepted value
 9253 2019-09-18 15:46:38.372 [EventWorkerThread-1] DEBUG org.axesoft.jaxos.algo.Proposer - Start accept instance 432 with proposal  129
 9254 2019-09-18 15:46:38.372 [EventWorkerThread-1] TRACE org.axesoft.jaxos.netty.NettyCommunicatorFactory - Broadcast {} AcceptRequest{senderId=1, squadId=1, instanceId=432, round=440, ballot=129, value=B[31]}
 9255 2019-09-18 15:46:38.372 [EventWorkerThread-1] TRACE org.axesoft.jaxos.algo.Acceptor - On Accept AcceptRequest{senderId=1, squadId=1, instanceId=432, round=440, ballot=129, value=B[31]}
 9256 2019-09-18 15:46:38.372 [EventWorkerThread-1] TRACE org.axesoft.jaxos.algo.Proposer - RECEIVED AcceptResponse{senderId=1, squadId=1, instanceId=432, round=440, maxBallot=129, result=1, chosenInstanceId=431}
 9257 2019-09-18 15:46:38.373 [EventWorkerThread-1] TRACE org.axesoft.jaxos.algo.Proposer - RECEIVED AcceptResponse{senderId=3, squadId=1, instanceId=432, round=440, maxBallot=129, result=1, chosenInstanceId=431}
 9258 2019-09-18 15:46:38.373 [EventWorkerThread-1] TRACE org.axesoft.jaxos.algo.Proposer - RECEIVED AcceptResponse{senderId=2, squadId=1, instanceId=432, round=440, maxBallot=129, result=1, chosenInstanceId=431}
 9259 2019-09-18 15:46:38.373 [EventWorkerThread-1] TRACE org.axesoft.jaxos.algo.Proposer - Process End Accept
 9260 2019-09-18 15:46:38.373 [EventWorkerThread-1] DEBUG org.axesoft.jaxos.algo.Proposer - Notify instance 432 chosen
 9261 2019-09-18 15:46:38.373 [EventWorkerThread-1] TRACE org.axesoft.jaxos.algo.Proposer - Propose instance(432) end with CONFLICT by Accept send other value
