log1:
When working at leaderless mode and countering heavy conflict, it happens.

2019-11-25 15:51:27.141 [LearnerThread] INFO  org.axesoft.jaxos.algo.Squad - squad 2 learn instances from 7 to 7
2019-11-25 15:51:27.158 [LearnerThread] ERROR org.axesoft.jaxos.algo.EventWorkerPool - Exec error
java.lang.RuntimeException: Unmatched version n0 = TansNumber{name='object-id-0', version=7, timestamp=1574668286891, value=9, version0=6, value0=8}, n1 = TansNumber{name='object-id-0', version=0, timestamp=1574668286891, value=2, version0=0, value0=0}
	at org.axesoft.tans.server.TansService$TansNumberMap.applyChange(TansService.java:179)
	at org.axesoft.tans.server.TansService$TansNumberMap.consume(TansService.java:163)
	at org.axesoft.tans.server.TansService.consume(TansService.java:68)
	at org.axesoft.jaxos.algo.StateMachineRunner.innerLearn(StateMachineRunner.java:74)
	at org.axesoft.jaxos.algo.StateMachineRunner.learnValue(StateMachineRunner.java:57)
	at org.axesoft.jaxos.algo.Squad.onLearnResponse(Squad.java:220)
	at org.axesoft.jaxos.algo.Squad.processLearnerEvent(Squad.java:133)
	at org.axesoft.jaxos.algo.Squad.processEvent(Squad.java:82)
	at org.axesoft.jaxos.JaxosService$Platoon.processEvent(JaxosService.java:254)
	at org.axesoft.jaxos.algo.EventWorkerPool.lambda$submitEvent$2(EventWorkerPool.java:77)
	at org.axesoft.jaxos.algo.RunnableWithLog.run(RunnableWithLog.java:23)
	at java.base/java.util.concurrent.Executors$RunnableAdapter.call(Executors.java:515)
	at java.base/java.util.concurrent.FutureTask.run(FutureTask.java:264)
	at java.base/java.util.concurrent.ThreadPoolExecutor.runWorker(ThreadPoolExecutor.java:1128)
	at java.base/java.util.concurrent.ThreadPoolExecutor$Worker.run(ThreadPoolExecutor.java:628)
	at java.base/java.lang.Thread.run(Thread.java:834)

log2:

2019-11-25 16:19:26.107 [LearnerThread] INFO  org.axesoft.jaxos.algo.Squad - squad 0 prepared learn response from 14511 to 14511
2019-11-25 16:19:26.108 [LearnerThread] INFO  org.axesoft.jaxos.algo.Squad - squad 0 prepared learn response from 14511 to 14511
2019-11-25 16:19:26.127 [EventWorkerThread-0] ERROR org.axesoft.jaxos.algo.EventWorkerPool - Exec error
java.lang.RuntimeException: Unmatched version n0 = TansNumber{name='object-id-31', version=439, timestamp=1574669966097, value=881, version0=438, value0=879}, n1 = TansNumber{name='object-id-31', version=439, timestamp=1574669966097, value=881, version0=438, value0=879}
	at org.axesoft.tans.server.TansService$TansNumberMap.applyChange(TansService.java:179)
	at org.axesoft.tans.server.TansService$TansNumberMap.consume(TansService.java:163)
	at org.axesoft.tans.server.TansService.consume(TansService.java:68)
	at org.axesoft.jaxos.algo.StateMachineRunner.innerLearn(StateMachineRunner.java:74)
	at org.axesoft.jaxos.algo.StateMachineRunner.learnValue(StateMachineRunner.java:57)
	at org.axesoft.jaxos.algo.Acceptor.chose(Acceptor.java:196)
	at org.axesoft.jaxos.algo.Acceptor.onChosenNotify(Acceptor.java:174)
	at org.axesoft.jaxos.algo.Squad.processBallotEvent(Squad.java:172)
	at org.axesoft.jaxos.algo.Squad.processEvent(Squad.java:74)
	at org.axesoft.jaxos.JaxosService$Platoon.processEvent(JaxosService.java:254)
	at org.axesoft.jaxos.algo.EventWorkerPool.directCallSelf(EventWorkerPool.java:85)
	at org.axesoft.jaxos.netty.NettyCommunicatorFactory$ChannelGroupCommunicator.selfFirstBroadcast(NettyCommunicatorFactory.java:249)
	at org.axesoft.jaxos.netty.NettyCommunicatorFactory$CompositeCommunicator.lambda$selfFirstBroadcast$2(NettyCommunicatorFactory.java:95)
	at java.base/java.util.Optional.ifPresent(Optional.java:183)
	at org.axesoft.jaxos.netty.NettyCommunicatorFactory$CompositeCommunicator.selfFirstBroadcast(NettyCommunicatorFactory.java:95)
	at org.axesoft.jaxos.algo.Proposer$AcceptActor.notifyChosen(Proposer.java:556)
	at org.axesoft.jaxos.algo.Proposer.endAccept(Proposer.java:284)
	at org.axesoft.jaxos.algo.Proposer.onAcceptReply(Proposer.java:258)
	at org.axesoft.jaxos.algo.Squad.processBallotEvent(Squad.java:164)
	at org.axesoft.jaxos.algo.Squad.processEvent(Squad.java:74)
	at org.axesoft.jaxos.JaxosService$Platoon.processEvent(JaxosService.java:254)
	at org.axesoft.jaxos.algo.EventWorkerPool.lambda$submitEvent$2(EventWorkerPool.java:77)
	at org.axesoft.jaxos.algo.RunnableWithLog.run(RunnableWithLog.java:23)
	at java.base/java.util.concurrent.Executors$RunnableAdapter.call(Executors.java:515)
	at java.base/java.util.concurrent.FutureTask.run(FutureTask.java:264)
	at java.base/java.util.concurrent.ThreadPoolExecutor.runWorker(ThreadPoolExecutor.java:1128)
	at java.base/java.util.concurrent.ThreadPoolExecutor$Worker.run(ThreadPoolExecutor.java:628)
	at java.base/java.lang.Thread.run(Thread.java:834)